# JRE version: OpenJDK Runtime Environment Temurin-21.0.6+7 (21.0.6+7) (build 21.0.6+7-LTS)
# Java VM: OpenJDK 64-Bit Server VM Temurin-21.0.6+7 (21.0.6+7-LTS, mixed mode, sharing, tiered, compressed oops, compressed class ptrs, g1 gc, windows-amd64)
GC Precious Log:
 CardTable entry size: 512
 Card Set container configuration: InlinePtr #cards 5 size 8 Array Of Cards #cards 12 size 40 Howl #buckets 4 coarsen threshold 1843 Howl Bitmap #cards 512 size 80 coarsen threshold 460 Card regions per heap region 1 cards per card region 2048
 CPUs: 2 total, 2 available
 Memory: 3460M
 Large Page Support: Disabled
 NUMA Support: Disabled
 Compressed Oops: Enabled (32-bit)
 Heap Region Size: 1M
 Heap Min Capacity: 8M
 Heap Initial Capacity: 56M
 Heap Max Capacity: 866M
 Pre-touch: Disabled
 Parallel Workers: 2
 Concurrent Workers: 1
 Concurrent Refinement Workers: 2
 Periodic GC: Disabled
Heap:
 garbage-first heap   total 65536K, used 44101K [0x00000000c9e00000, 0x0000000100000000)
  region size 1024K, 10 young (10240K), 3 survivors (3072K)
 Metaspace       used 67475K, committed 67968K, reserved 1114112K
  class space    used 8419K, committed 8640K, reserved 1048576K
GC Heap History (20 events):
Event: 69.620 GC heap before
{Heap before GC invocations=35 (full 0):
 garbage-first heap   total 48128K, used 42202K [0x00000000c9e00000, 0x0000000100000000)
  region size 1024K, 15 young (15360K), 2 survivors (2048K)
 Metaspace       used 59376K, committed 59776K, reserved 1114112K
  class space    used 7467K, committed 7680K, reserved 1048576K
}
Event: 69.627 GC heap after
{Heap after GC invocations=36 (full 0):
 garbage-first heap   total 48128K, used 29660K [0x00000000c9e00000, 0x0000000100000000)
  region size 1024K, 1 young (1024K), 1 survivors (1024K)
 Metaspace       used 59376K, committed 59776K, reserved 1114112K
  class space    used 7467K, committed 7680K, reserved 1048576K
}
Event: 70.217 GC heap before
{Heap before GC invocations=37 (full 0):
 garbage-first heap   total 51200K, used 41948K [0x00000000c9e00000, 0x0000000100000000)
  region size 1024K, 14 young (14336K), 1 survivors (1024K)
 Metaspace       used 60854K, committed 61312K, reserved 1114112K
  class space    used 7639K, committed 7872K, reserved 1048576K
}
Event: 70.221 GC heap after
{Heap after GC invocations=38 (full 0):
 garbage-first heap   total 51200K, used 29814K [0x00000000c9e00000, 0x0000000100000000)
  region size 1024K, 1 young (1024K), 1 survivors (1024K)
 Metaspace       used 60854K, committed 61312K, reserved 1114112K
  class space    used 7639K, committed 7872K, reserved 1048576K
}
Event: 73.159 GC heap before
{Heap before GC invocations=38 (full 0):
 garbage-first heap   total 51200K, used 46198K [0x00000000c9e00000, 0x0000000100000000)
  region size 1024K, 17 young (17408K), 1 survivors (1024K)
 Metaspace       used 61874K, committed 62400K, reserved 1114112K
  class space    used 7755K, committed 8000K, reserved 1048576K
}
Event: 73.171 GC heap after
{Heap after GC invocations=39 (full 0):
 garbage-first heap   total 51200K, used 30655K [0x00000000c9e00000, 0x0000000100000000)
  region size 1024K, 2 young (2048K), 2 survivors (2048K)
 Metaspace       used 61874K, committed 62400K, reserved 1114112K
  class space    used 7755K, committed 8000K, reserved 1048576K
}
Event: 74.206 GC heap before
{Heap before GC invocations=39 (full 0):
 garbage-first heap   total 51200K, used 44991K [0x00000000c9e00000, 0x0000000100000000)
  region size 1024K, 16 young (16384K), 2 survivors (2048K)
 Metaspace       used 62786K, committed 63232K, reserved 1114112K
  class space    used 7882K, committed 8128K, reserved 1048576K
}
Event: 74.213 GC heap after
{Heap after GC invocations=40 (full 0):
 garbage-first heap   total 51200K, used 31343K [0x00000000c9e00000, 0x0000000100000000)
  region size 1024K, 2 young (2048K), 2 survivors (2048K)
 Metaspace       used 62786K, committed 63232K, reserved 1114112K
  class space    used 7882K, committed 8128K, reserved 1048576K
}
Event: 75.263 GC heap before
{Heap before GC invocations=41 (full 0):
 garbage-first heap   total 53248K, used 44655K [0x00000000c9e00000, 0x0000000100000000)
  region size 1024K, 15 young (15360K), 2 survivors (2048K)
 Metaspace       used 62969K, committed 63424K, reserved 1114112K
  class space    used 7891K, committed 8128K, reserved 1048576K
}
Event: 75.270 GC heap after
{Heap after GC invocations=42 (full 0):
 garbage-first heap   total 64512K, used 32018K [0x00000000c9e00000, 0x0000000100000000)
  region size 1024K, 2 young (2048K), 2 survivors (2048K)
 Metaspace       used 62969K, committed 63424K, reserved 1114112K
  class space    used 7891K, committed 8128K, reserved 1048576K
}
Event: 75.840 GC heap before
{Heap before GC invocations=42 (full 0):
 garbage-first heap   total 64512K, used 57618K [0x00000000c9e00000, 0x0000000100000000)
  region size 1024K, 27 young (27648K), 2 survivors (2048K)
 Metaspace       used 63405K, committed 63872K, reserved 1114112K
  class space    used 7921K, committed 8128K, reserved 1048576K
}
Event: 75.848 GC heap after
{Heap after GC invocations=43 (full 0):
 garbage-first heap   total 64512K, used 33148K [0x00000000c9e00000, 0x0000000100000000)
  region size 1024K, 3 young (3072K), 3 survivors (3072K)
 Metaspace       used 63405K, committed 63872K, reserved 1114112K
  class space    used 7921K, committed 8128K, reserved 1048576K
}
Event: 76.343 GC heap before
{Heap before GC invocations=43 (full 0):
 garbage-first heap   total 64512K, used 56700K [0x00000000c9e00000, 0x0000000100000000)
  region size 1024K, 26 young (26624K), 3 survivors (3072K)
 Metaspace       used 63821K, committed 64320K, reserved 1114112K
  class space    used 7945K, committed 8192K, reserved 1048576K
}
Event: 76.351 GC heap after
{Heap after GC invocations=44 (full 0):
 garbage-first heap   total 64512K, used 34435K [0x00000000c9e00000, 0x0000000100000000)
  region size 1024K, 3 young (3072K), 3 survivors (3072K)
 Metaspace       used 63821K, committed 64320K, reserved 1114112K
  class space    used 7945K, committed 8192K, reserved 1048576K
}
Event: 76.845 GC heap before
{Heap before GC invocations=45 (full 0):
 garbage-first heap   total 64512K, used 56963K [0x00000000c9e00000, 0x0000000100000000)
  region size 1024K, 25 young (25600K), 3 survivors (3072K)
 Metaspace       used 64329K, committed 64832K, reserved 1114112K
  class space    used 7980K, committed 8192K, reserved 1048576K
}
Event: 76.862 GC heap after
{Heap after GC invocations=46 (full 0):
 garbage-first heap   total 64512K, used 35235K [0x00000000c9e00000, 0x0000000100000000)
  region size 1024K, 2 young (2048K), 2 survivors (2048K)
 Metaspace       used 64329K, committed 64832K, reserved 1114112K
  class space    used 7980K, committed 8192K, reserved 1048576K
}
Event: 77.939 GC heap before
{Heap before GC invocations=46 (full 0):
 garbage-first heap   total 64512K, used 56739K [0x00000000c9e00000, 0x0000000100000000)
  region size 1024K, 24 young (24576K), 2 survivors (2048K)
 Metaspace       used 65368K, committed 65856K, reserved 1114112K
  class space    used 8120K, committed 8320K, reserved 1048576K
}
Event: 77.953 GC heap after
{Heap after GC invocations=47 (full 0):
 garbage-first heap   total 64512K, used 36275K [0x00000000c9e00000, 0x0000000100000000)
  region size 1024K, 2 young (2048K), 2 survivors (2048K)
 Metaspace       used 65368K, committed 65856K, reserved 1114112K
  class space    used 8120K, committed 8320K, reserved 1048576K
}
Event: 79.066 GC heap before
{Heap before GC invocations=47 (full 0):
 garbage-first heap   total 64512K, used 57779K [0x00000000c9e00000, 0x0000000100000000)
  region size 1024K, 23 young (23552K), 2 survivors (2048K)
 Metaspace       used 66890K, committed 67328K, reserved 1114112K
  class space    used 8351K, committed 8576K, reserved 1048576K
}
Event: 79.080 GC heap after
{Heap after GC invocations=48 (full 0):
 garbage-first heap   total 64512K, used 37957K [0x00000000c9e00000, 0x0000000100000000)
  region size 1024K, 3 young (3072K), 3 survivors (3072K)
 Metaspace       used 66890K, committed 67328K, reserved 1114112K
  class space    used 8351K, committed 8576K, reserved 1048576K
}

