# JRE version: OpenJDK Runtime Environment Temurin-21.0.6+7 (21.0.6+7) (build 21.0.6+7-LTS)
# Java VM: OpenJDK 64-Bit Server VM Temurin-21.0.6+7 (21.0.6+7-LTS, mixed mode, sharing, tiered, compressed oops, compressed class ptrs, g1 gc, windows-amd64)
GC Precious Log:
 CardTable entry size: 512
 Card Set container configuration: InlinePtr #cards 5 size 8 Array Of Cards #cards 12 size 40 Howl #buckets 4 coarsen threshold 1843 Howl Bitmap #cards 512 size 80 coarsen threshold 460 Card regions per heap region 1 cards per card region 2048
 CPUs: 2 total, 2 available
 Memory: 3460M
 Large Page Support: Disabled
 NUMA Support: Disabled
 Compressed Oops: Enabled (32-bit)
 Heap Region Size: 1M
 Heap Min Capacity: 8M
 Heap Initial Capacity: 56M
 Heap Max Capacity: 866M
 Pre-touch: Disabled
 Parallel Workers: 2
 Concurrent Workers: 1
 Concurrent Refinement Workers: 2
 Periodic GC: Disabled
Heap:
 garbage-first heap   total 70656K, used 41830K [0x00000000c9e00000, 0x0000000100000000)
  region size 1024K, 3 young (3072K), 1 survivors (1024K)
 Metaspace       used 74870K, committed 75456K, reserved 1179648K
  class space    used 9270K, committed 9536K, reserved 1048576K
GC Heap History (20 events):
Event: 44.294 GC heap before
{Heap before GC invocations=43 (full 0):
 garbage-first heap   total 70656K, used 62957K [0x00000000c9e00000, 0x0000000100000000)
  region size 1024K, 30 young (30720K), 3 survivors (3072K)
 Metaspace       used 66346K, committed 66816K, reserved 1114112K
  class space    used 8274K, committed 8512K, reserved 1048576K
}
Event: 44.306 GC heap after
{Heap after GC invocations=44 (full 0):
 garbage-first heap   total 70656K, used 37172K [0x00000000c9e00000, 0x0000000100000000)
  region size 1024K, 3 young (3072K), 3 survivors (3072K)
 Metaspace       used 66346K, committed 66816K, reserved 1114112K
  class space    used 8274K, committed 8512K, reserved 1048576K
}
Event: 45.449 GC heap before
{Heap before GC invocations=45 (full 0):
 garbage-first heap   total 70656K, used 62772K [0x00000000c9e00000, 0x0000000100000000)
  region size 1024K, 28 young (28672K), 3 survivors (3072K)
 Metaspace       used 68246K, committed 68736K, reserved 1114112K
  class space    used 8499K, committed 8704K, reserved 1048576K
}
Event: 45.459 GC heap after
{Heap after GC invocations=46 (full 0):
 garbage-first heap   total 70656K, used 38650K [0x00000000c9e00000, 0x0000000100000000)
  region size 1024K, 3 young (3072K), 3 survivors (3072K)
 Metaspace       used 68246K, committed 68736K, reserved 1114112K
  class space    used 8499K, committed 8704K, reserved 1048576K
}
Event: 55.084 GC heap before
{Heap before GC invocations=46 (full 0):
 garbage-first heap   total 70656K, used 62202K [0x00000000c9e00000, 0x0000000100000000)
  region size 1024K, 27 young (27648K), 3 survivors (3072K)
 Metaspace       used 70104K, committed 70720K, reserved 1114112K
  class space    used 8772K, committed 9088K, reserved 1048576K
}
Event: 55.106 GC heap after
{Heap after GC invocations=47 (full 0):
 garbage-first heap   total 70656K, used 39750K [0x00000000c9e00000, 0x0000000100000000)
  region size 1024K, 3 young (3072K), 3 survivors (3072K)
 Metaspace       used 70104K, committed 70720K, reserved 1114112K
  class space    used 8772K, committed 9088K, reserved 1048576K
}
Event: 67.307 GC heap before
{Heap before GC invocations=47 (full 0):
 garbage-first heap   total 70656K, used 62278K [0x00000000c9e00000, 0x0000000100000000)
  region size 1024K, 26 young (26624K), 3 survivors (3072K)
 Metaspace       used 72636K, committed 73216K, reserved 1114112K
  class space    used 9080K, committed 9344K, reserved 1048576K
}
Event: 67.323 GC heap after
{Heap after GC invocations=48 (full 0):
 garbage-first heap   total 70656K, used 41052K [0x00000000c9e00000, 0x0000000100000000)
  region size 1024K, 3 young (3072K), 3 survivors (3072K)
 Metaspace       used 72636K, committed 73216K, reserved 1114112K
  class space    used 9080K, committed 9344K, reserved 1048576K
}
Event: 115.185 GC heap before
{Heap before GC invocations=49 (full 0):
 garbage-first heap   total 70656K, used 61532K [0x00000000c9e00000, 0x0000000100000000)
  region size 1024K, 24 young (24576K), 3 survivors (3072K)
 Metaspace       used 74071K, committed 74688K, reserved 1179648K
  class space    used 9245K, committed 9536K, reserved 1048576K
}
Event: 115.196 GC heap after
{Heap after GC invocations=50 (full 0):
 garbage-first heap   total 70656K, used 41648K [0x00000000c9e00000, 0x0000000100000000)
  region size 1024K, 2 young (2048K), 2 survivors (2048K)
 Metaspace       used 74071K, committed 74688K, reserved 1179648K
  class space    used 9245K, committed 9536K, reserved 1048576K
}
Event: 299.713 GC heap before
{Heap before GC invocations=50 (full 0):
 garbage-first heap   total 70656K, used 64176K [0x00000000c9e00000, 0x0000000100000000)
  region size 1024K, 24 young (24576K), 2 survivors (2048K)
 Metaspace       used 74146K, committed 74752K, reserved 1179648K
  class space    used 9245K, committed 9536K, reserved 1048576K
}
Event: 300.252 GC heap after
{Heap after GC invocations=51 (full 0):
 garbage-first heap   total 70656K, used 40598K [0x00000000c9e00000, 0x0000000100000000)
  region size 1024K, 2 young (2048K), 2 survivors (2048K)
 Metaspace       used 74146K, committed 74752K, reserved 1179648K
  class space    used 9245K, committed 9536K, reserved 1048576K
}
Event: 427.952 GC heap before
{Heap before GC invocations=51 (full 0):
 garbage-first heap   total 70656K, used 63126K [0x00000000c9e00000, 0x0000000100000000)
  region size 1024K, 25 young (25600K), 2 survivors (2048K)
 Metaspace       used 74766K, committed 75328K, reserved 1179648K
  class space    used 9269K, committed 9536K, reserved 1048576K
}
Event: 430.513 GC heap after
{Heap after GC invocations=52 (full 0):
 garbage-first heap   total 70656K, used 40825K [0x00000000c9e00000, 0x0000000100000000)
  region size 1024K, 2 young (2048K), 2 survivors (2048K)
 Metaspace       used 74766K, committed 75328K, reserved 1179648K
  class space    used 9269K, committed 9536K, reserved 1048576K
}
Event: 439.211 GC heap before
{Heap before GC invocations=52 (full 0):
 garbage-first heap   total 70656K, used 41849K [0x00000000c9e00000, 0x0000000100000000)
  region size 1024K, 3 young (3072K), 2 survivors (2048K)
 Metaspace       used 74766K, committed 75328K, reserved 1179648K
  class space    used 9269K, committed 9536K, reserved 1048576K
}
Event: 439.395 GC heap after
{Heap after GC invocations=53 (full 0):
 garbage-first heap   total 70656K, used 40930K [0x00000000c9e00000, 0x0000000100000000)
  region size 1024K, 1 young (1024K), 1 survivors (1024K)
 Metaspace       used 74766K, committed 75328K, reserved 1179648K
  class space    used 9269K, committed 9536K, reserved 1048576K
}
Event: 477.736 GC heap before
{Heap before GC invocations=54 (full 0):
 garbage-first heap   total 70656K, used 42978K [0x00000000c9e00000, 0x0000000100000000)
  region size 1024K, 3 young (3072K), 1 survivors (1024K)
 Metaspace       used 74766K, committed 75328K, reserved 1179648K
  class space    used 9269K, committed 9536K, reserved 1048576K
}
Event: 477.871 GC heap after
{Heap after GC invocations=55 (full 0):
 garbage-first heap   total 70656K, used 40826K [0x00000000c9e00000, 0x0000000100000000)
  region size 1024K, 1 young (1024K), 1 survivors (1024K)
 Metaspace       used 74766K, committed 75328K, reserved 1179648K
  class space    used 9269K, committed 9536K, reserved 1048576K
}
Event: 513.710 GC heap before
{Heap before GC invocations=55 (full 0):
 garbage-first heap   total 70656K, used 50042K [0x00000000c9e00000, 0x0000000100000000)
  region size 1024K, 10 young (10240K), 1 survivors (1024K)
 Metaspace       used 74854K, committed 75456K, reserved 1179648K
  class space    used 9270K, committed 9536K, reserved 1048576K
}
Event: 514.432 GC heap after
{Heap after GC invocations=56 (full 0):
 garbage-first heap   total 70656K, used 40806K [0x00000000c9e00000, 0x0000000100000000)
  region size 1024K, 1 young (1024K), 1 survivors (1024K)
 Metaspace       used 74854K, committed 75456K, reserved 1179648K
  class space    used 9270K, committed 9536K, reserved 1048576K
}

